gnatprove -Pp.gpr -j 2 --proof=progressive --timeout=120 chap*.adb
Phase 1 of 3: frame condition computation ...
Phase 2 of 3: translation to intermediate language ...
Phase 3 of 3: generation and proof of VCs ...
analyzing Chap7, 0 checks
analyzing Chap7.Empty_Stack, 0 checks
analyzing Chap7.Full_Stack, 0 checks
analyzing Chap7.Size_Stack, 0 checks
analyzing Chap7.Push, 5 checks
analyzing Chap7.Pop, 4 checks
analyzing Chap7.Top_Stack, 1 checks
chap7.adb:9:34: info: refined post proved()
chap7.adb:9:50: info: overflow check proved()
chap7.adb:11:41: info: range check proved()
chap7.adb:12:18: info: index check proved()
chap7.adb:20:34: info: refined post proved()
chap7.adb:20:50: info: overflow check proved()
chap7.adb:22:30: info: range check proved()
chap7.adb:31:25: info: index check proved()
chap7.ads:28:15: info: postcondition proved()
chap7.ads:32:15: info: postcondition proved()
analyzing Chap6, 0 checks
analyzing Chap6.Fill, 5 checks
analyzing Chap6.Swap, 1 checks
analyzing Chap6.Swap_Ranges, 16 checks
analyzing Chap6.Copy, 1 checks
analyzing Chap6.Copy, 12 checks
analyzing Chap6.Reverse_Copy, 13 checks
analyzing Chap6.Reverse_Array, 18 checks
chap6.adb:12:10: info: loop invariant initialization proved()
chap6.adb:12:10: info: loop invariant preservation proved()
chap6.adb:12:65: info: index check proved()
chap6.adb:35:26: info: index check proved()
chap6.adb:36:10: info: loop invariant initialization proved()
chap6.adb:36:10: info: loop invariant preservation proved()
chap6.adb:37:64: info: index check proved()
chap6.adb:37:72: info: index check proved()
chap6.adb:39:64: info: index check proved()
chap6.adb:39:72: info: index check proved()
chap6.adb:41:75: info: index check proved()
chap6.adb:41:102: info: index check proved()
chap6.adb:43:75: info: index check proved()
chap6.adb:43:102: info: index check proved()
chap6.adb:56:28: info: overflow check proved()
chap6.adb:57:21: info: index check proved()
chap6.adb:57:21: info: overflow check proved()
chap6.adb:57:40: info: index check proved()
chap6.adb:57:40: info: overflow check proved()
chap6.adb:58:10: info: loop invariant initialization proved()
chap6.adb:58:10: info: loop invariant preservation proved()
chap6.adb:59:47: info: index check proved()
chap6.adb:59:65: info: index check proved()
chap6.adb:68:7: info: range check proved()
chap6.adb:71:34: info: overflow check proved()
chap6.adb:71:38: info: index check proved()
chap6.adb:71:38: info: overflow check proved()
chap6.adb:72:10: info: loop invariant initialization proved()
chap6.adb:72:10: info: loop invariant preservation proved()
chap6.adb:74:23: info: index check proved()
chap6.adb:74:42: info: index check proved()
chap6.adb:77:7: info: assertion proved()
chap6.adb:78:7: info: assertion proved()
chap6.adb:92:42: info: overflow check proved(0.04s - 82 steps)
chap6.adb:92:52: info: overflow check proved(0.02s - 4 steps)
chap6.adb:92:63: info: division check proved()
chap6.adb:93:19: info: index check proved(0.22s - 670 steps)
chap6.adb:93:33: info: overflow check proved(0.28s - 796 steps)
chap6.adb:93:37: info: index check proved(0.22s - 714 steps)
chap6.adb:93:37: info: overflow check proved(0.28s - 817 steps)
chap6.adb:95:10: info: loop invariant initialization proved(0.39s - 859 steps)
chap6.adb:95:10: info: loop invariant preservation proved(106.97s - 134071 steps)
chap6.adb:97:19: info: index check proved(0.12s - 372 steps)
chap6.adb:97:57: info: index check proved(0.22s - 654 steps)
chap6.adb:102:24: info: index check proved(0.15s - 448 steps)
chap6.adb:102:62: info: index check proved(0.23s - 728 steps)
chap6.adb:108:61: info: index check proved(0.03s - 11 steps)
chap6.adb:108:88: info: index check proved(0.03s - 10 steps)
chap6.ads:18:15: info: postcondition proved()
chap6.ads:18:43: info: index check proved()
chap6.ads:26:15: info: postcondition proved()
chap6.ads:40:8: info: postcondition proved()
chap6.ads:40:36: info: index check proved()
chap6.ads:40:48: info: index check proved()
chap6.ads:41:49: info: index check proved()
chap6.ads:41:57: info: index check proved()
chap6.ads:49:15: info: postcondition proved()
chap6.ads:73:9: info: postcondition proved()
chap6.ads:73:53: info: index check proved()
chap6.ads:73:71: info: index check proved()
chap6.ads:90:8: warning: postcondition might fail, requires Reverse_Copy'Result'Last = X'last(0.49s)
chap6.ads:93:32: info: index check proved()
chap6.ads:93:51: info: index check proved()
chap6.ads:109:15: info: postcondition proved(0.81s - 1579 steps)
chap6.ads:109:43: info: index check proved(0.02s - 6 steps)
chap6.ads:109:66: info: index check proved(0.02s - 6 steps)
analyzing Chap5, 0 checks
analyzing Chap5.Is_Sorted, 1 checks
analyzing Chap5.Lower_Bound, 14 checks
analyzing Chap5.Upper_Bound, 14 checks
analyzing Chap5.Equal_Range, 7 checks
analyzing Chap5.Binary_Search, 4 checks
chap5.adb:22:10: info: loop invariant initialization proved()
chap5.adb:22:10: info: loop invariant preservation proved()
chap5.adb:27:56: info: index check proved()
chap5.adb:30:10: info: loop variant proved()
chap5.adb:30:50: info: overflow check proved()
chap5.adb:32:25: info: range check proved()
chap5.adb:32:42: info: division check proved()
chap5.adb:34:13: info: assertion proved()
chap5.adb:34:65: info: index check proved()
chap5.adb:35:28: info: range check proved()
chap5.adb:62:10: info: loop invariant initialization proved()
chap5.adb:62:10: info: loop invariant preservation proved()
chap5.adb:67:55: info: index check proved()
chap5.adb:69:10: info: loop variant proved()
chap5.adb:69:50: info: overflow check proved()
chap5.adb:71:25: info: range check proved()
chap5.adb:71:42: info: division check proved()
chap5.adb:73:13: info: assertion proved()
chap5.adb:73:65: info: index check proved()
chap5.adb:74:28: info: range check proved()
chap5.adb:88:33: info: precondition proved()
chap5.adb:91:41: info: index check proved()
chap5.ads:24:54: info: index check proved()
chap5.ads:45:55: info: index check proved()
chap5.ads:47:7: info: postcondition proved()
chap5.ads:50:64: info: index check proved()
chap5.ads:51:59: info: index check proved()
chap5.ads:72:55: info: index check proved()
chap5.ads:74:7: info: postcondition proved()
chap5.ads:77:64: info: index check proved()
chap5.ads:78:59: info: index check proved()
chap5.ads:97:19: info: precondition proved()
chap5.ads:97:41: info: precondition proved()
chap5.ads:102:55: info: index check proved()
chap5.ads:104:7: info: postcondition proved()
chap5.ads:108:70: info: index check proved()
chap5.ads:112:16: info: index check proved()
chap5.ads:114:66: info: index check proved()
chap5.ads:127:55: info: index check proved()
chap5.ads:129:7: info: postcondition proved()
analyzing Chap4, 0 checks
analyzing Chap4.Max_Element, 14 checks
analyzing Chap4.Max_Seq, 5 checks
analyzing Chap4.Min_Element, 14 checks
chap4.adb:9:29: info: range check proved()
chap4.adb:12:16: info: index check proved()
chap4.adb:13:23: info: range check proved()
chap4.adb:15:10: info: loop invariant initialization proved()
chap4.adb:15:10: info: loop invariant preservation proved()
chap4.adb:17:46: info: index check proved()
chap4.adb:17:55: info: index check proved()
chap4.adb:18:55: info: index check proved()
chap4.adb:18:63: info: index check proved()
chap4.adb:29:29: info: range check proved()
chap4.adb:32:16: info: index check proved()
chap4.adb:33:23: info: range check proved()
chap4.adb:35:10: info: loop invariant initialization proved()
chap4.adb:35:10: info: loop invariant preservation proved()
chap4.adb:37:46: info: index check proved()
chap4.adb:37:55: info: index check proved()
chap4.adb:38:55: info: index check proved()
chap4.adb:38:63: info: index check proved()
chap4.ads:29:7: info: postcondition proved()
chap4.ads:30:36: info: index check proved()
chap4.ads:30:56: info: index check proved()
chap4.ads:32:14: info: index check proved()
chap4.ads:32:33: info: index check proved()
chap4.ads:39:49: info: index check proved()
chap4.ads:39:49: info: precondition proved()
chap4.ads:42:7: info: postcondition proved()
chap4.ads:42:54: info: index check proved()
chap4.ads:43:54: info: index check proved()
chap4.ads:58:7: info: postcondition proved()
chap4.ads:59:36: info: index check proved()
chap4.ads:59:56: info: index check proved()
chap4.ads:61:14: info: index check proved()
chap4.ads:61:33: info: index check proved()
analyzing Chap3, 0 checks
analyzing Chap3.Equal, 10 checks
analyzing Chap3.Is_Equal, 4 checks
analyzing Chap3.Mismatch, 13 checks
analyzing Chap3.Find, 9 checks
analyzing Chap3.Find_First_Of, 6 checks
chap3.adb:14:24: info: index check proved()
chap3.adb:14:24: info: overflow check proved()
chap3.adb:14:43: info: index check proved()
chap3.adb:14:43: info: overflow check proved()
chap3.adb:17:10: info: loop invariant initialization proved()
chap3.adb:17:10: info: loop invariant preservation proved()
chap3.adb:18:47: info: index check proved()
chap3.adb:18:65: info: index check proved()
chap3.adb:32:24: info: index check proved()
chap3.adb:32:24: info: overflow check proved()
chap3.adb:32:43: info: index check proved()
chap3.adb:32:43: info: overflow check proved()
chap3.adb:35:10: info: loop invariant initialization proved()
chap3.adb:35:10: info: loop invariant preservation proved()
chap3.adb:36:47: info: index check proved()
chap3.adb:36:65: info: index check proved()
chap3.adb:49:24: info: index check proved()
chap3.adb:49:24: info: overflow check proved()
chap3.adb:52:10: info: loop invariant initialization proved()
chap3.adb:52:10: info: loop invariant preservation proved()
chap3.adb:52:67: info: index check proved()
chap3.adb:70:13: info: precondition proved()
chap3.adb:70:36: info: index check proved()
chap3.adb:70:36: info: overflow check proved()
chap3.ads:19:15: info: postcondition proved()
chap3.ads:19:31: info: precondition proved()
chap3.ads:25:48: info: index check proved()
chap3.ads:25:48: info: overflow check proved()
chap3.ads:25:66: info: index check proved()
chap3.ads:25:66: info: overflow check proved()
chap3.ads:41:7: info: postcondition proved()
chap3.ads:42:18: info: precondition proved()
chap3.ads:44:22: info: index check proved()
chap3.ads:45:22: info: index check proved()
chap3.ads:46:36: info: precondition proved()
chap3.ads:57:7: info: postcondition proved()
chap3.ads:58:51: info: index check proved()
chap3.ads:59:57: info: index check proved()
chap3.ads:61:50: info: index check proved()
chap3.ads:77:7: info: postcondition proved()
chap3.ads:81:23: info: index check proved()
chap3.ads:81:41: info: index check proved()
Summary logged in /Users/hugues/Desktop/Work/Dev/git/spark_examples/spark-by-example/gnatprove/gnatprove.out
